<?xml version="1.0" encoding="ISO-8859-1"?>
<!--

    Copyright (C) 2009 eXo Platform SAS.
    
    This is free software; you can redistribute it and/or modify it
    under the terms of the GNU Lesser General Public License as
    published by the Free Software Foundation; either version 2.1 of
    the License, or (at your option) any later version.
    
    This software is distributed in the hope that it will be useful,
    but WITHOUT ANY WARRANTY; without even the implied warranty of
    MERCHANTABILITY or FITNESS FOR A PARTICULAR PURPOSE. See the GNU
    Lesser General Public License for more details.
    
    You should have received a copy of the GNU Lesser General Public
    License along with this software; if not, write to the Free
    Software Foundation, Inc., 51 Franklin St, Fifth Floor, Boston, MA
    02110-1301 USA, or see the FSF site: http://www.fsf.org.

-->

<configuration
   xmlns:xsi="http://www.w3.org/2001/XMLSchema-instance"
   xsi:schemaLocation="http://www.exoplaform.org/xml/ns/kernel_1_0.xsd http://www.exoplaform.org/xml/ns/kernel_1_0.xsd"
   xmlns="http://www.exoplaform.org/xml/ns/kernel_1_0.xsd">
  <component>
    <key>org.exoplatform.portal.pom.config.POMSessionManager</key>
    <type>org.exoplatform.portal.pom.config.POMSessionManager</type>
  </component>   	
  <component>
    <key>org.exoplatform.application.registry.ApplicationRegistryService</key>
    <type>org.exoplatform.application.registry.impl.ApplicationRegistryServiceImpl</type>
  	<component-plugins>      
	    <component-plugin>
	      <name>new.portal.portlets.registry</name>
	      <set-method>initListener</set-method>
	      <type>org.exoplatform.application.registry.ApplicationCategoriesPlugins</type>
	      <description>this listener init the portlets are registered in PortletRegister</description>
	      <init-params>	      	      
	      	<object-param>
	          <name>administration</name>
	          <description>description</description>
	          <object type="org.exoplatform.application.registry.ApplicationCategory">
	            <field  name="name"><string>administration</string></field>
	            <field  name="displayName"><string>Administration</string></field> 
	            <field  name="description"><string>application for administration</string></field>
		          <field name="accessPermissions">
				        <collection type="java.util.ArrayList" item-type="java.lang.String">													
				        	<value><string>*:/platform/administrators</string></value>
				        	<value><string>*:/organization/management/executive-board</string></value>
				        </collection>
		          </field> 
	            <field  name="applications">
		            <collection type="java.util.ArrayList">
									<value>                 
	                  <object type="org.exoplatform.application.registry.Application">                     
									    <field name="applicationName"><string>ApplicationRegistryPortlet</string></field>
	                    <field  name="categoryName"><string>administration</string></field>
						          <field name="displayName"><string>Application Registry</string></field>
						          <field name="description"><string>Application Registry</string></field>
		                  <field name="applicationType"><string>portlet</string></field>
		                  <field name="applicationGroup"><string>exoadmin</string></field>       
						          <field name="accessPermissions">
								        <collection type="java.util.ArrayList" item-type="java.lang.String">													
								        	<value><string>*:/platform/administrators</string></value>
								        	<value><string>*:/organization/management/executive-board</string></value>
								        </collection>
						          </field> 
		                </object>
	                </value>
					        <value>                 
		                <object type="org.exoplatform.application.registry.Application">                     
		                  <field name="applicationName"><string>OrganizationPortlet</string></field>
		                  <field  name="categoryName"><string>administration</string></field>
	                    <field name="displayName"><string>Organization Management</string></field>
	                    <field name="description"><string>Organization Management</string></field>
		                  <field name="applicationType"><string>portlet</string></field>
		                  <field name="applicationGroup"><string>exoadmin</string></field>
		                  <field name="accessPermissions">
								        <collection type="java.util.ArrayList" item-type="java.lang.String">													
													<value><string>*:/platform/administrators</string></value>
													<value><string>*:/organization/management/executive-board</string></value>
								        </collection>
						          </field>                 
		                </object>
	                </value>
					        <value>                 
		                <object type="org.exoplatform.application.registry.Application">                     
		                  <field name="applicationName"><string>AccountPortlet</string></field>
		                  <field  name="categoryName"><string>administration</string></field>
						          <field name="displayName"><string>New Account</string></field>
						          <field name="description"><string>New Account</string></field>
		                  <field name="applicationType"><string>portlet</string></field>
		                  <field name="applicationGroup"><string>exoadmin</string></field>
		                  <field name="accessPermissions">
								        <collection type="java.util.ArrayList" item-type="java.lang.String">													
													<value><string>*:/platform/administrators</string></value>
													<value><string>*:/organization/management/executive-board</string></value>
								        </collection>
						          </field>                 
		                </object>
	                </value>
		            </collection>                               
	            </field> 
	          </object>        
	        </object-param> 
			
			    <object-param>
	          <name>web</name>
	          <description>description</description>
	          <object type="org.exoplatform.application.registry.ApplicationCategory">
	            <field  name="name"><string>web</string></field>
	            <field  name="displayName"><string>web</string></field> 
	            <field  name="description"><string>BasicPortlets</string></field>
              <field name="accessPermissions">
				        <collection type="java.util.ArrayList" item-type="java.lang.String">													
									<value><string>*:/platform/users</string></value>													
				        </collection>
		          </field>                 	             
	            <field  name="applications">
		            <collection type="java.util.ArrayList">
	                <value>                 
		                <object type="org.exoplatform.application.registry.Application">                     
		                  <field  name="categoryName"><string>web</string></field>
		                  <field name="applicationName"><string>IFramePortlet</string></field>
						          <field name="displayName"><string>IFrame</string></field>
						          <field name="description"><string>IFrame</string></field>
		                  <field name="applicationType"><string>portlet</string></field>
		                  <field name="applicationGroup"><string>web</string></field>
		                  <field name="accessPermissions">
								        <collection type="java.util.ArrayList" item-type="java.lang.String">													
													<value><string>*:/platform/users</string></value>													
								        </collection>
						          </field>                 
		                </object>
	                </value>
					        <value>                 
		                <object type="org.exoplatform.application.registry.Application">                     
		                  <field  name="categoryName"><string>web</string></field>
		                  <field name="applicationName"><string>SiteMapPortlet</string></field>
						          <field name="displayName"><string>SiteMap</string></field>
						          <field name="description"><string>SiteMap</string></field>
		                  <field name="applicationType"><string>portlet</string></field>
		                  <field name="applicationGroup"><string>web</string></field>
		                  <field name="accessPermissions">
								        <collection type="java.util.ArrayList" item-type="java.lang.String">													
													<value><string>*:/platform/users</string></value>													
								        </collection>
						          </field>                                 
		                </object>
	                </value>
	                <value>                 
		                <object type="org.exoplatform.application.registry.Application">                     
		                  <field  name="categoryName"><string>web</string></field>
		                  <field name="applicationName"><string>BrowserPortlet</string></field>
						          <field name="displayName"><string>Web Explorer</string></field>
						          <field name="description"><string>Web Explorer</string></field>
		                  <field name="applicationType"><string>portlet</string></field>
		                  <field name="applicationGroup"><string>web</string></field>
		                  <field name="accessPermissions">
								        <collection type="java.util.ArrayList" item-type="java.lang.String">													
													<value><string>*:/platform/users</string></value>													
								        </collection>
						          </field>                                 
		                </object>
	                </value>
		            </collection>                               
	            </field> 
	          </object>        
	        </object-param> 
	        
	        <object-param>
	          <name>dashboard</name>
	          <description>description</description>
	          <object type="org.exoplatform.application.registry.ApplicationCategory">
	            <field name="name"><string>dashboard</string></field>
	            <field name="displayName"><string>Dashboard</string></field> 
	            <field name="description"><string>Dashboard</string></field>
              <field name="accessPermissions">
				        <collection type="java.util.ArrayList" item-type="java.lang.String">													
									<value><string>*:/platform/users</string></value>													
				        </collection>
		          </field>                 	             
	            <field  name="applications">
		            <collection type="java.util.ArrayList">
	                <value>                 
		                <object type="org.exoplatform.application.registry.Application">                     
		                  <field name="categoryName"><string>dashboard</string></field>
		                  <field name="applicationName"><string>DashboardPortlet</string></field>
						          <field name="displayName"><string>Dashboard Portlet</string></field>
						          <field name="description"><string>Dashboard Portlet</string></field>
		                  <field name="applicationType"><string>portlet</string></field>
		                  <field name="applicationGroup"><string>dashboard</string></field>
		                  <field name="accessPermissions">
								        <collection type="java.util.ArrayList" item-type="java.lang.String">													
													<value><string>*:/platform/users</string></value>													
								        </collection>
						          </field>                 
		                </object>
	                </value>
	                <value>                 
		                <object type="org.exoplatform.application.registry.Application">                     
		                  <field name="categoryName"><string>dashboard</string></field>
		                  <field name="applicationName"><string>GadgetPortlet</string></field>
						          <field name="displayName"><string>Gadget Wrapper Portlet</string></field>
						          <field name="description"><string>Gadget Wrapper Portlet</string></field>
		                  <field name="applicationType"><string>portlet</string></field>
		                  <field name="applicationGroup"><string>dashboard</string></field>
		                  <field name="accessPermissions">
								        <collection type="java.util.ArrayList" item-type="java.lang.String">													
													<value><string>*:/platform/users</string></value>													
								        </collection>
						          </field>                 
		                </object>
	                </value>
		            </collection>                               
	            </field> 
	          </object>        
	        </object-param>
	      </init-params>
	    </component-plugin>
	  </component-plugins>
  </component>

  <external-component-plugins>
    <target-component>org.exoplatform.services.naming.InitialContextInitializer</target-component>
    <component-plugin>
          <name>bind.datasource</name>
          <set-method>addPlugin</set-method>
          <type>org.exoplatform.services.naming.BindReferencePlugin</type>
          <init-params>
            <value-param>
              <name>bind-name</name>
              <value>jdbcexo</value>
            </value-param>
            <value-param>
              <name>class-name</name>
              <value>javax.sql.DataSource</value>
            </value-param>
            <value-param>
              <name>factory</name>
              <value>org.apache.commons.dbcp.BasicDataSourceFactory</value>
            </value-param>
            <properties-param>
              <name>ref-addresses</name>
              <description>ref-addresses</description>
              <property name="driverClassName" value="org.hsqldb.jdbcDriver"/>
              <property name="url" value="jdbc:hsqldb:file:target/temp/data/portal"/>
              <property name="username" value="sa"/>
              <property name="password" value=""/>
            </properties-param>
          </init-params>
        </component-plugin>        
  </external-component-plugins>
  
  <import>jar:/conf/portal/common-configuration.xml</import>
  <import>jar:/conf/portal/jcr-configuration.xml</import>
  <import>jar:/conf/portal/idm-configuration.xml</import>
  <import>jar:/conf/portal/organization-configuration.xml</import>
</configuration>